#
# There is insufficient memory for the Java Runtime Environment to continue.
# Native memory allocation (mmap) failed to map 3080192 bytes for G1 virtual space
# Possible reasons:
#   The system is out of physical RAM or swap space
#   The process is running with CompressedOops enabled, and the Java Heap may be blocking the growth of the native heap
# Possible solutions:
#   Reduce memory load on the system
#   Increase physical memory or swap space
#   Check if swap backing store is full
#   Decrease Java heap size (-Xmx/-Xms)
#   Decrease number of Java threads
#   Decrease Java thread stack sizes (-Xss)
#   Set larger code cache with -XX:ReservedCodeCacheSize=
#   JVM is running with Zero Based Compressed Oops mode in which the Java heap is
#     placed in the first 32GB address space. The Java Heap base address is the
#     maximum limit for the native heap growth. Please use -XX:HeapBaseMinAddress
#     to set the Java Heap base and to place the Java Heap above 32GB virtual address.
# This output file may be truncated or incomplete.
#
#  Out of Memory Error (os_windows.cpp:3466), pid=2596, tid=17064
#
# JRE version:  (16.0.1+9) (build )
# Java VM: Java HotSpot(TM) 64-Bit Server VM (16.0.1+9-24, mixed mode, sharing, tiered, compressed oops, compressed class ptrs, g1 gc, windows-amd64)
# No core dump will be written. Minidumps are not enabled by default on client versions of Windows
#

---------------  S U M M A R Y ------------

Command Line: -javaagent:C:\Program Files\JetBrains\IntelliJ IDEA 2021.1\lib\idea_rt.jar=57974:C:\Program Files\JetBrains\IntelliJ IDEA 2021.1\bin -Dfile.encoding=UTF-8 FxEditableCheckBoxJava10

Host: Intel(R) Core(TM) i7-6500U CPU @ 2.50GHz, 4 cores, 11G,  Windows 10 , 64 bit Build 19041 (10.0.19041.1023)
Time: Fri Jun 18 22:35:39 2021 Argentina Standard Time elapsed time: 0.111667 seconds (0d 0h 0m 0s)

---------------  T H R E A D  ---------------

Current thread (0x000001c76d693220):  JavaThread "Unknown thread" [_thread_in_vm, id=17064, stack(0x0000007e56500000,0x0000007e56600000)]

Stack: [0x0000007e56500000,0x0000007e56600000]
Native frames: (J=compiled Java code, j=interpreted, Vv=VM code, C=native code)
V  [jvm.dll+0x6687ca]
V  [jvm.dll+0x7ca3c9]
V  [jvm.dll+0x7cbb53]
V  [jvm.dll+0x7cc1b3]
V  [jvm.dll+0x242ea5]
V  [jvm.dll+0x665589]
V  [jvm.dll+0x65a175]
V  [jvm.dll+0x2fc5ab]
V  [jvm.dll+0x3037a6]
V  [jvm.dll+0x353018]
V  [jvm.dll+0x35321f]
V  [jvm.dll+0x2d3618]
V  [jvm.dll+0x2d4854]
V  [jvm.dll+0x79ccb1]
V  [jvm.dll+0x360de1]
V  [jvm.dll+0x77a990]
V  [jvm.dll+0x3e55af]
V  [jvm.dll+0x3e7081]
C  [jli.dll+0x52fb]
C  [ucrtbase.dll+0x21bb2]
C  [KERNEL32.DLL+0x17034]
C  [ntdll.dll+0x52651]


---------------  P R O C E S S  ---------------

Threads class SMR info:
_java_thread_list=0x00007ff9444acbb8, length=0, elements={
}

Java Threads: ( => current thread )

Other Threads:
  0x000001c76d6d7050 GCTaskThread "GC Thread#0" [stack: 0x0000007e56600000,0x0000007e56700000] [id=10624]
  0x000001c76d6e50a0 ConcurrentGCThread "G1 Main Marker" [stack: 0x0000007e56700000,0x0000007e56800000] [id=10032]
  0x000001c76d6e5b10 ConcurrentGCThread "G1 Conc#0" [stack: 0x0000007e56800000,0x0000007e56900000] [id=800]

[error occurred during error reporting (printing all threads), id 0xc0000005, EXCEPTION_ACCESS_VIOLATION (0xc0000005) at pc=0x00007ff943c844d7]

VM state: not at safepoint (not fully initialized)

VM Mutex/Monitor currently owned by a thread:  ([mutex/lock_event])
[0x000001c76d690f90] Heap_lock - owner thread: 0x000001c76d693220

Heap address: 0x0000000744800000, size: 3000 MB, Compressed Oops mode: Zero based, Oop shift amount: 3

CDS archive(s) mapped at: [0x0000000000000000-0x0000000000000000-0x0000000000000000), size 0, SharedBaseAddress: 0x0000000800000000, ArchiveRelocationMode: 0.
Narrow klass base: 0x0000000000000000, Narrow klass shift: 0, Narrow klass range: 0x0

GC Precious Log:
<Empty>

Heap:
 garbage-first heap   total 0K, used 0K [0x0000000744800000, 0x0000000800000000)
  region size 2048K, 0 young (0K), 0 survivors (0K)

[error occurred during error reporting (printing heap information), id 0xc0000005, EXCEPTION_ACCESS_VIOLATION (0xc0000005) at pc=0x00007ff9440624ed]

GC Heap History (0 events):
No events

Deoptimization events (0 events):
No events

Classes unloaded (0 events):
No events

Classes redefined (0 events):
No events

Internal exceptions (0 events):
No events

Events (1 events):
Event: 0.070 Loaded shared library C:\Program Files\Java\jdk-16.0.1\bin\java.dll


Dynamic libraries:
0x00007ff695be0000 - 0x00007ff695bf0000 	C:\Program Files\Java\jdk-16.0.1\bin\java.exe
0x00007ff9883d0000 - 0x00007ff9885c5000 	C:\windows\SYSTEM32\ntdll.dll
0x00007ff9869d0000 - 0x00007ff986a8d000 	C:\windows\System32\KERNEL32.DLL
0x00007ff985fd0000 - 0x00007ff986298000 	C:\windows\System32\KERNELBASE.dll
0x00007ff985d50000 - 0x00007ff985e50000 	C:\windows\System32\ucrtbase.dll
0x00007ff97fe00000 - 0x00007ff97fe18000 	C:\Program Files\Java\jdk-16.0.1\bin\jli.dll
0x00007ff987a60000 - 0x00007ff987b0c000 	C:\windows\System32\ADVAPI32.dll
0x00007ff988150000 - 0x00007ff9881ee000 	C:\windows\System32\msvcrt.dll
0x00007ff988030000 - 0x00007ff9880cb000 	C:\windows\System32\sechost.dll
0x00007ff9872b0000 - 0x00007ff9873db000 	C:\windows\System32\RPCRT4.dll
0x00007ff9881f0000 - 0x00007ff988390000 	C:\windows\System32\USER32.dll
0x00007ff985b10000 - 0x00007ff985b32000 	C:\windows\System32\win32u.dll
0x00007ff987ed0000 - 0x00007ff987efa000 	C:\windows\System32\GDI32.dll
0x00007ff986330000 - 0x00007ff98643b000 	C:\windows\System32\gdi32full.dll
0x00007ff985e80000 - 0x00007ff985f1d000 	C:\windows\System32\msvcp_win.dll
0x00007ff97fde0000 - 0x00007ff97fdf9000 	C:\Program Files\Java\jdk-16.0.1\bin\VCRUNTIME140.dll
0x00007ff972c80000 - 0x00007ff972f1a000 	C:\windows\WinSxS\amd64_microsoft.windows.common-controls_6595b64144ccf1df_6.0.19041.1052_none_60b8f8fd71f5e8cb\COMCTL32.dll
0x00007ff972f20000 - 0x00007ff972f2a000 	C:\windows\SYSTEM32\VERSION.dll
0x00007ff987570000 - 0x00007ff9875a0000 	C:\windows\System32\IMM32.DLL
0x00007ff982910000 - 0x00007ff98291c000 	C:\Program Files\Java\jdk-16.0.1\bin\vcruntime140_1.dll
0x00007ff95f720000 - 0x00007ff95f7b1000 	C:\Program Files\Java\jdk-16.0.1\bin\msvcp140.dll
0x00007ff9439a0000 - 0x00007ff94454b000 	C:\Program Files\Java\jdk-16.0.1\bin\server\jvm.dll
0x00007ff9868b0000 - 0x00007ff9868b8000 	C:\windows\System32\PSAPI.DLL
0x00007ff96eb70000 - 0x00007ff96eb79000 	C:\windows\SYSTEM32\WSOCK32.dll
0x00007ff9752c0000 - 0x00007ff9752e7000 	C:\windows\SYSTEM32\WINMM.dll
0x00007ff9879f0000 - 0x00007ff987a5b000 	C:\windows\System32\WS2_32.dll
0x00007ff9843e0000 - 0x00007ff9843f2000 	C:\windows\SYSTEM32\kernel.appcore.dll
0x00007ff980c70000 - 0x00007ff980c7a000 	C:\Program Files\Java\jdk-16.0.1\bin\jimage.dll
0x00007ff9702b0000 - 0x00007ff970494000 	C:\windows\SYSTEM32\DBGHELP.DLL
0x00007ff96f5f0000 - 0x00007ff96f61c000 	C:\windows\SYSTEM32\dbgcore.DLL
0x00007ff9862a0000 - 0x00007ff986323000 	C:\windows\System32\bcryptPrimitives.dll
0x00007ff97f590000 - 0x00007ff97f59e000 	C:\Program Files\Java\jdk-16.0.1\bin\instrument.dll
0x00007ff97b290000 - 0x00007ff97b2b5000 	C:\Program Files\Java\jdk-16.0.1\bin\java.dll

dbghelp: loaded successfully - version: 4.0.5 - missing functions: none
symbol engine: initialized successfully - sym options: 0x614 - pdb path: .;C:\Program Files\Java\jdk-16.0.1\bin;C:\windows\SYSTEM32;C:\windows\WinSxS\amd64_microsoft.windows.common-controls_6595b64144ccf1df_6.0.19041.1052_none_60b8f8fd71f5e8cb;C:\Program Files\Java\jdk-16.0.1\bin\server

VM Arguments:
jvm_args: -javaagent:C:\Program Files\JetBrains\IntelliJ IDEA 2021.1\lib\idea_rt.jar=57974:C:\Program Files\JetBrains\IntelliJ IDEA 2021.1\bin -Dfile.encoding=UTF-8 
java_command: FxEditableCheckBoxJava10
java_class_path (initial): C:\Users\tomid\Documents\Universidad\3° Año\Diseño de Sistemas\PPAI\reserva-visita\target\classes;C:\Users\tomid\.m2\repository\org\springframework\boot\spring-boot-starter-data-jpa\2.5.0\spring-boot-starter-data-jpa-2.5.0.jar;C:\Users\tomid\.m2\repository\org\springframework\boot\spring-boot-starter-aop\2.5.0\spring-boot-starter-aop-2.5.0.jar;C:\Users\tomid\.m2\repository\org\springframework\spring-aop\5.3.7\spring-aop-5.3.7.jar;C:\Users\tomid\.m2\repository\org\aspectj\aspectjweaver\1.9.6\aspectjweaver-1.9.6.jar;C:\Users\tomid\.m2\repository\org\springframework\boot\spring-boot-starter-jdbc\2.5.0\spring-boot-starter-jdbc-2.5.0.jar;C:\Users\tomid\.m2\repository\com\zaxxer\HikariCP\4.0.3\HikariCP-4.0.3.jar;C:\Users\tomid\.m2\repository\org\springframework\spring-jdbc\5.3.7\spring-jdbc-5.3.7.jar;C:\Users\tomid\.m2\repository\jakarta\transaction\jakarta.transaction-api\1.3.3\jakarta.transaction-api-1.3.3.jar;C:\Users\tomid\.m2\repository\jakarta\persistence\jakarta.persistence-api\2.2.3\jakarta.persistence-api-2.2.3.jar;C:\Users\tomid\.m2\repository\org\hibernate\hibernate-core\5.4.31.Final\hibernate-core-5.4.31.Final.jar;C:\Users\tomid\.m2\repository\org\jboss\logging\jboss-logging\3.4.1.Final\jboss-logging-3.4.1.Final.jar;C:\Users\tomid\.m2\repository\org\javassist\javassist\3.27.0-GA\javassist-3.27.0-GA.jar;C:\Users\tomid\.m2\repository\net\bytebuddy\byte-buddy\1.10.22\byte-buddy-1.10.22.jar;C:\Users\tomid\.m2\repository\antlr\antlr\2.7.7\antlr-2.7.7.jar;C:\Users\tomid\.m2\repository\org\jboss\jandex\2.2.3.Final\jandex-2.2.3.Final.jar;C:\Users\tomid\.m2\repository\com\fasterxml\classmate\1.5.1\classmate-1.5.1.jar;C:\Users\tomid\.m2\repository\org\dom4j\dom4j\2.1.3\dom4j-2.1.3.jar;C:\Users\tomid\.m2\repository\org\hibernate\common\hibernate-commons-annotations\5.1.2.Final\hibernate-commons-annotations-5.1.2.Final.jar;C:\Users\tomid\.m2\repository\org\glassfish\jaxb\jaxb-runtime\2.3.4\jaxb-runtime-2.3.4.jar;C:\Users\tomid\.m2\repository\o
Launcher Type: SUN_STANDARD

[Global flags]
     intx CICompilerCount                          = 3                                         {product} {ergonomic}
     uint ConcGCThreads                            = 1                                         {product} {ergonomic}
     uint G1ConcRefinementThreads                  = 4                                         {product} {ergonomic}
   size_t G1HeapRegionSize                         = 2097152                                   {product} {ergonomic}
    uintx GCDrainStackTargetSize                   = 64                                        {product} {ergonomic}
   size_t InitialHeapSize                          = 197132288                                 {product} {ergonomic}
   size_t MarkStackSize                            = 4194304                                   {product} {ergonomic}
   size_t MaxHeapSize                              = 3145728000                                {product} {ergonomic}
   size_t MinHeapDeltaBytes                        = 2097152                                   {product} {ergonomic}
   size_t MinHeapSize                              = 8388608                                   {product} {ergonomic}
    uintx NonNMethodCodeHeapSize                   = 5832780                                {pd product} {ergonomic}
    uintx NonProfiledCodeHeapSize                  = 122912730                              {pd product} {ergonomic}
    uintx ProfiledCodeHeapSize                     = 122912730                              {pd product} {ergonomic}
    uintx ReservedCodeCacheSize                    = 251658240                              {pd product} {ergonomic}
     bool SegmentedCodeCache                       = true                                      {product} {ergonomic}
   size_t SoftMaxHeapSize                          = 3145728000                             {manageable} {ergonomic}
     bool UseCompressedClassPointers               = true                           {product lp64_product} {ergonomic}
     bool UseCompressedOops                        = true                           {product lp64_product} {ergonomic}
     bool UseG1GC                                  = true                                      {product} {ergonomic}
     bool UseLargePagesIndividualAllocation        = false                                  {pd product} {ergonomic}

Logging:
Log output configuration:
 #0: stdout all=warning uptime,level,tags
 #1: stderr all=off uptime,level,tags

Environment Variables:
PATH=C:\Program Files\ImageMagick-7.0.11-Q16-HDRI;C:\Program Files (x86)\Common Files\Intel\Shared Libraries\redist\intel64_win\compiler;C:\Program Files\Common Files\Oracle\Java\javapath;C:\Program Files (x86)\Common Files\Oracle\Java\javapath;C:\windows\system32;C:\windows;C:\windows\System32\Wbem;C:\windows\System32\WindowsPowerShell\v1.0\;C:\windows\System32\OpenSSH\;C:\Program Files\Calibre2\;C:\Program Files (x86)\Smart Projects\IsoBuster;C:\Users\tomid\Documents\Programs\ffmpeg 4.3.1 64bit\bin\;C:\Users\tomid\Documents\Programs\eac3to334-UsEac3to129\;C:\Users\tomid\Documents\Programs\x264\;C:\Users\tomid\AppData\Local\Programs\Python\Python38\Scripts\;C:\Users\tomid\Documents\Programs\sox-14.4.2\;C:\xampp\mysql\bin\;C:\Program Files\mingw-w64\x86_64-8.1.0-posix-seh-rt_v6-rev0\mingw64\bin\;C:\Program Files\Microsoft SQL Server\Client SDK\ODBC\170\Tools\Binn\;C:\Program Files (x86)\Microsoft SQL Server\150\Tools\Binn\;C:\Program Files\Microsoft SQL Server\150\Tools\Binn\;C:\Program Files\Microsoft SQL Server\150\DTS\Binn\;C:\Program Files\Azure Data Studio\bin;C:\Program Files\Git\cmd;C:\Program Files\dotnet\;C:\Program Files\Microsoft SQL Server\130\Tools\Binn\;C:\Program Files (x86)\dotnet\;C:\Program Files (x86)\Microsoft SQL Server\150\DTS\Binn\;C:\Users\tomid\AppData\Local\Programs\Python\Python39\Scripts\;C:\Users\tomid\AppData\Local\Programs\Python\Python39\;C:\Users\tomid\AppData\Local\Microsoft\WindowsApps;C:\Users\tomid\.dotnet\tools;C:\php-8.0.0-Win32-vs16-x64;;C:\Users\tomid\AppData\Local\Programs\Microsoft VS Code\bin;C:\Program Files\Azure Data Studio\bin;C:\Users\tomid\.dotnet\tools
USERNAME=tomid
OS=Windows_NT
PROCESSOR_IDENTIFIER=Intel64 Family 6 Model 78 Stepping 3, GenuineIntel



---------------  S Y S T E M  ---------------

OS:
 Windows 10 , 64 bit Build 19041 (10.0.19041.1023)
OS uptime: 6 days 9:19 hours

CPU: total 4 (initial active 4) (2 cores per cpu, 2 threads per core) family 6 model 78 stepping 3 microcode 0xcc, cx8, cmov, fxsr, ht, mmx, 3dnowpref, sse, sse2, sse3, ssse3, sse4.1, sse4.2, popcnt, lzcnt, tsc, tscinvbit, avx, avx2, aes, erms, clmul, bmi1, bmi2, adx, fma, vzeroupper, clflush, clflushopt

Memory: 4k page, system-wide physical 11998M (2638M free)
TotalPageFile size 15070M (AvailPageFile size 6M)
current process WorkingSet (physical memory assigned to process): 10M, peak: 10M
current process commit charge ("private bytes"): 243M, peak: 245M

vm_info: Java HotSpot(TM) 64-Bit Server VM (16.0.1+9-24) for windows-amd64 JRE (16.0.1+9-24), built on Mar 26 2021 19:31:42 by "mach5one" with MS VC++ 16.7 (VS2019)

END.
